<?xml version="1.0" encoding="UTF-8"?>
<testsuite xmlns:xsi="http://www.w3.org/2001/XMLSchema-instance" xsi:noNamespaceSchemaLocation="https://maven.apache.org/surefire/maven-surefire-plugin/xsd/surefire-test-report.xsd" name="com.github.interpreter.parser.variable.VariableDeclaratorTest" time="0.059" tests="2" errors="0" skipped="0" failures="0">
  <properties>
[...]
</properties>
  <testcase name="testBuildField" classname="com.github.interpreter.parser.variable.VariableDeclaratorTest" time="0.057"/>
  <testcase name="testDeclaration" classname="com.github.interpreter.parser.variable.VariableDeclaratorTest" time="0.001"/>
</testsuite>